#
# There is insufficient memory for the Java Runtime Environment to continue.
# Native memory allocation (malloc) failed to allocate 30146560 bytes for committing reserved memory.
# Possible reasons:
#   The system is out of physical RAM or swap space
#   In 32 bit mode, the process size limit was hit
# Possible solutions:
#   Reduce memory load on the system
#   Increase physical memory or swap space
#   Check if swap backing store is full
#   Use 64 bit Java on a 64 bit OS
#   Decrease Java heap size (-Xmx/-Xms)
#   Decrease number of Java threads
#   Decrease Java thread stack sizes (-Xss)
#   Set larger code cache with -XX:ReservedCodeCacheSize=
# This output file may be truncated or incomplete.
#
#  Out of Memory Error (os_linux.cpp:2769), pid=6114, tid=2329561920
#
# JRE version: OpenJDK Runtime Environment (7.0_55-b14) (build 1.7.0_55-b14)
# Java VM: OpenJDK Server VM (24.51-b03 mixed mode linux-x86 )
# Failed to write core dump. Core dumps have been disabled. To enable core dumping, try "ulimit -c unlimited" before starting Java again
#

---------------  T H R E A D  ---------------

Current thread (0x89210400):  VMThread [stack: 0x8ad24000,0x8ada5000] [id=6125]

Stack: [0x8ad24000,0x8ada5000]
VM_Operation (0xb653ca98): ParallelGCFailedAllocation, mode: safepoint, requested by thread 0xb6308c00


---------------  P R O C E S S  ---------------

Java Threads: ( => current thread )
  0x88c9c400 JavaThread "ReaderThread" [_thread_in_native, id=6133, stack(0x88873000,0x888c4000)]
  0x8922b800 JavaThread "Service Thread" daemon [_thread_blocked, id=6131, stack(0x88e5c000,0x88ead000)]
  0x89229c00 JavaThread "C2 CompilerThread1" daemon [_thread_blocked, id=6130, stack(0x88ead000,0x88f2e000)]
  0x89227800 JavaThread "C2 CompilerThread0" daemon [_thread_blocked, id=6129, stack(0x88f2e000,0x88faf000)]
  0x89226000 JavaThread "Signal Dispatcher" daemon [_thread_blocked, id=6128, stack(0x88faf000,0x89000000)]
  0x89214400 JavaThread "Finalizer" daemon [_thread_blocked, id=6127, stack(0x8932f000,0x89380000)]
  0x89212c00 JavaThread "Reference Handler" daemon [_thread_blocked, id=6126, stack(0x89380000,0x893d1000)]
  0xb6308c00 JavaThread "main" [_thread_blocked, id=6120, stack(0xb64ee000,0xb653f000)]

Other Threads:
=>0x89210400 VMThread [stack: 0x8ad24000,0x8ada5000] [id=6125]
  0x8922d400 WatcherThread [stack: 0x88ddb000,0x88e5c000] [id=6132]

VM state:at safepoint (normal execution)

VM Mutex/Monitor currently owned by a thread:  ([mutex/lock_event])
[0xb6306558] Threads_lock - owner thread: 0x89210400
[0xb6306968] Heap_lock - owner thread: 0xb6308c00

Heap
 PSYoungGen      total 57344K, used 6064K [0xa8780000, 0xac880000, 0xb3240000)
  eden space 49664K, 0% used [0xa8780000,0xa8780000,0xab800000)
  from space 7680K, 78% used [0xab800000,0xabdec030,0xabf80000)
  to   space 6144K, 0% used [0xabf80000,0xabf80000,0xac580000)
 ParOldGen       total 21504K, used 18548K [0x93240000, 0x94740000, 0xa8780000)
  object space 21504K, 86% used [0x93240000,0x9445d050,0x94740000)
 PSPermGen       total 16384K, used 7224K [0x8b240000, 0x8c240000, 0x93240000)
  object space 16384K, 44% used [0x8b240000,0x8b94e1b0,0x8c240000)

Card table byte_map: [0x8b0ff000,0x8b240000] byte_map_base: 0x8aca5e00

Polling page: 0xb76c9000

Code Cache  [0xb3300000, 0xb3540000, 0xb6300000)
 total_blobs=301 nmethods=171 adapters=84 free_code_cache=48278Kb largest_free_block=49419840

Compilation events (10 events):
Event: 26.198 Thread 0x89227800 nmethod 170 0xb33520c8 code [0xb33521c0, 0xb3352250]
Event: 26.277 Thread 0x89229c00 nmethod 166 0xb33c9c48 code [0xb33c9d80, 0xb33ca1bc]
Event: 26.867 Thread 0x89227800  171             com.sun.org.apache.xerces.internal.util.AugmentationsImpl::putItem (37 bytes)
Event: 26.875 Thread 0x89229c00  172             com.sun.org.apache.xerces.internal.util.AugmentationsImpl$SmallContainer::isFull (15 bytes)
Event: 26.876 Thread 0x89229c00 nmethod 172 0xb3351e88 code [0xb3351f60, 0xb3351fb0]
Event: 26.903 Thread 0x89227800 nmethod 171 0xb33d0a08 code [0xb33d0b40, 0xb33d0e1c]
Event: 29.321 Thread 0x89229c00  173             java.util.TreeMap::rotateLeft (96 bytes)
Event: 29.325 Thread 0x89229c00 nmethod 173 0xb33ca648 code [0xb33ca740, 0xb33ca850]
Event: 29.767 Thread 0x89227800  174             java.util.TreeMap::rotateRight (96 bytes)
Event: 29.784 Thread 0x89227800 nmethod 174 0xb33d0748 code [0xb33d0840, 0xb33d0950]

GC Heap History (10 events):
Event: 24.517 GC heap after
Heap after GC invocations=6 (full 0):
 PSYoungGen      total 18944K, used 2242K [0xa8780000, 0xa9c80000, 0xb3240000)
  eden space 16384K, 0% used [0xa8780000,0xa8780000,0xa9780000)
  from space 2560K, 87% used [0xa9a00000,0xa9c30950,0xa9c80000)
  to   space 2560K, 0% used [0xa9780000,0xa9780000,0xa9a00000)
 ParOldGen       total 21504K, used 4608K [0x93240000, 0x94740000, 0xa8780000)
  object space 21504K, 21% used [0x93240000,0x936c00b0,0x94740000)
 PSPermGen       total 16384K, used 7219K [0x8b240000, 0x8c240000, 0x93240000)
  object space 16384K, 44% used [0x8b240000,0x8b94ce90,0x8c240000)
}
Event: 26.771 GC heap before
{Heap before GC invocations=7 (full 0):
 PSYoungGen      total 18944K, used 18626K [0xa8780000, 0xa9c80000, 0xb3240000)
  eden space 16384K, 100% used [0xa8780000,0xa9780000,0xa9780000)
  from space 2560K, 87% used [0xa9a00000,0xa9c30950,0xa9c80000)
  to   space 2560K, 0% used [0xa9780000,0xa9780000,0xa9a00000)
 ParOldGen       total 21504K, used 4608K [0x93240000, 0x94740000, 0xa8780000)
  object space 21504K, 21% used [0x93240000,0x936c00b0,0x94740000)
 PSPermGen       total 16384K, used 7221K [0x8b240000, 0x8c240000, 0x93240000)
  object space 16384K, 44% used [0x8b240000,0x8b94d7a8,0x8c240000)
Event: 26.856 GC heap after
Heap after GC invocations=7 (full 0):
 PSYoungGen      total 18944K, used 2544K [0xa8780000, 0xaae80000, 0xb3240000)
  eden space 16384K, 0% used [0xa8780000,0xa8780000,0xa9780000)
  from space 2560K, 99% used [0xa9780000,0xa99fc010,0xa9a00000)
  to   space 3584K, 0% used [0xaab00000,0xaab00000,0xaae80000)
 ParOldGen       total 21504K, used 6308K [0x93240000, 0x94740000, 0xa8780000)
  object space 21504K, 29% used [0x93240000,0x93869020,0x94740000)
 PSPermGen       total 16384K, used 7221K [0x8b240000, 0x8c240000, 0x93240000)
  object space 16384K, 44% used [0x8b240000,0x8b94d7a8,0x8c240000)
}
Event: 27.457 GC heap before
{Heap before GC invocations=8 (full 0):
 PSYoungGen      total 18944K, used 18928K [0xa8780000, 0xaae80000, 0xb3240000)
  eden space 16384K, 100% used [0xa8780000,0xa9780000,0xa9780000)
  from space 2560K, 99% used [0xa9780000,0xa99fc010,0xa9a00000)
  to   space 3584K, 0% used [0xaab00000,0xaab00000,0xaae80000)
 ParOldGen       total 21504K, used 6308K [0x93240000, 0x94740000, 0xa8780000)
  object space 21504K, 29% used [0x93240000,0x93869020,0x94740000)
 PSPermGen       total 16384K, used 7221K [0x8b240000, 0x8c240000, 0x93240000)
  object space 16384K, 44% used [0x8b240000,0x8b94d7a8,0x8c240000)
Event: 27.551 GC heap after
Heap after GC invocations=8 (full 0):
 PSYoungGen      total 35584K, used 3576K [0xa8780000, 0xab000000, 0xb3240000)
  eden space 32000K, 0% used [0xa8780000,0xa8780000,0xaa6c0000)
  from space 3584K, 99% used [0xaab00000,0xaae7e020,0xaae80000)
  to   space 4352K, 0% used [0xaa6c0000,0xaa6c0000,0xaab00000)
 ParOldGen       total 21504K, used 7036K [0x93240000, 0x94740000, 0xa8780000)
  object space 21504K, 32% used [0x93240000,0x9391f020,0x94740000)
 PSPermGen       total 16384K, used 7221K [0x8b240000, 0x8c240000, 0x93240000)
  object space 16384K, 44% used [0x8b240000,0x8b94d7a8,0x8c240000)
}
Event: 29.203 GC heap before
{Heap before GC invocations=9 (full 0):
 PSYoungGen      total 35584K, used 35576K [0xa8780000, 0xab000000, 0xb3240000)
  eden space 32000K, 100% used [0xa8780000,0xaa6c0000,0xaa6c0000)
  from space 3584K, 99% used [0xaab00000,0xaae7e020,0xaae80000)
  to   space 4352K, 0% used [0xaa6c0000,0xaa6c0000,0xaab00000)
 ParOldGen       total 21504K, used 7036K [0x93240000, 0x94740000, 0xa8780000)
  object space 21504K, 32% used [0x93240000,0x9391f020,0x94740000)
 PSPermGen       total 16384K, used 7222K [0x8b240000, 0x8c240000, 0x93240000)
  object space 16384K, 44% used [0x8b240000,0x8b94d8b0,0x8c240000)
Event: 29.317 GC heap after
Heap after GC invocations=9 (full 0):
 PSYoungGen      total 36352K, used 4336K [0xa8780000, 0xac580000, 0xb3240000)
  eden space 32000K, 0% used [0xa8780000,0xa8780000,0xaa6c0000)
  from space 4352K, 99% used [0xaa6c0000,0xaaafc010,0xaab00000)
  to   space 6144K, 0% used [0xabf80000,0xabf80000,0xac580000)
 ParOldGen       total 21504K, used 10100K [0x93240000, 0x94740000, 0xa8780000)
  object space 21504K, 46% used [0x93240000,0x93c1d040,0x94740000)
 PSPermGen       total 16384K, used 7222K [0x8b240000, 0x8c240000, 0x93240000)
  object space 16384K, 44% used [0x8b240000,0x8b94d8b0,0x8c240000)
}
Event: 30.563 GC heap before
{Heap before GC invocations=10 (full 0):
 PSYoungGen      total 36352K, used 36336K [0xa8780000, 0xac580000, 0xb3240000)
  eden space 32000K, 100% used [0xa8780000,0xaa6c0000,0xaa6c0000)
  from space 4352K, 99% used [0xaa6c0000,0xaaafc010,0xaab00000)
  to   space 6144K, 0% used [0xabf80000,0xabf80000,0xac580000)
 ParOldGen       total 21504K, used 10100K [0x93240000, 0x94740000, 0xa8780000)
  object space 21504K, 46% used [0x93240000,0x93c1d040,0x94740000)
 PSPermGen       total 16384K, used 7222K [0x8b240000, 0x8c240000, 0x93240000)
  object space 16384K, 44% used [0x8b240000,0x8b94db28,0x8c240000)
Event: 30.756 GC heap after
Heap after GC invocations=10 (full 0):
 PSYoungGen      total 55808K, used 6136K [0xa8780000, 0xac880000, 0xb3240000)
  eden space 49664K, 0% used [0xa8780000,0xa8780000,0xab800000)
  from space 6144K, 99% used [0xabf80000,0xac57e020,0xac580000)
  to   space 7680K, 0% used [0xab800000,0xab800000,0xabf80000)
 ParOldGen       total 21504K, used 12436K [0x93240000, 0x94740000, 0xa8780000)
  object space 21504K, 57% used [0x93240000,0x93e65050,0x94740000)
 PSPermGen       total 16384K, used 7222K [0x8b240000, 0x8c240000, 0x93240000)
  object space 16384K, 44% used [0x8b240000,0x8b94db28,0x8c240000)
}
Event: 35.913 GC heap before
{Heap before GC invocations=11 (full 0):
 PSYoungGen      total 55808K, used 55800K [0xa8780000, 0xac880000, 0xb3240000)
  eden space 49664K, 100% used [0xa8780000,0xab800000,0xab800000)
  from space 6144K, 99% used [0xabf80000,0xac57e020,0xac580000)
  to   space 7680K, 0% used [0xab800000,0xab800000,0xabf80000)
 ParOldGen       total 21504K, used 12436K [0x93240000, 0x94740000, 0xa8780000)
  object space 21504K, 57% used [0x93240000,0x93e65050,0x94740000)
 PSPermGen       total 16384K, used 7224K [0x8b240000, 0x8c240000, 0x93240000)
  object space 16384K, 44% used [0x8b240000,0x8b94e1b0,0x8c240000)

Deoptimization events (10 events):
Event: 13.087 Thread 0xb6308c00 Uncommon trap: reason=null_check action=make_not_entrant pc=0xb334c3a0 method=java.lang.String.equals(Ljava/lang/Object;)Z @ 8
Event: 18.284 Thread 0xb6308c00 Uncommon trap: reason=null_check action=make_not_entrant pc=0xb33a3200 method=com.sun.org.apache.xerces.internal.utils.XMLLimitAnalyzer.isTracking(Ljava/lang/String;)Z @ 14
Event: 18.329 Thread 0xb6308c00 Uncommon trap: reason=class_check action=maybe_recompile pc=0xb338c648 method=com.sun.org.apache.xerces.internal.impl.XMLDocumentScannerImpl.next()I @ 4
Event: 18.390 Thread 0xb6308c00 Uncommon trap: reason=class_check action=maybe_recompile pc=0xb338c648 method=com.sun.org.apache.xerces.internal.impl.XMLDocumentScannerImpl.next()I @ 4
Event: 18.390 Thread 0xb6308c00 Uncommon trap: reason=class_check action=maybe_recompile pc=0xb338c648 method=com.sun.org.apache.xerces.internal.impl.XMLDocumentScannerImpl.next()I @ 4
Event: 18.393 Thread 0xb6308c00 Uncommon trap: reason=class_check action=maybe_recompile pc=0xb338c648 method=com.sun.org.apache.xerces.internal.impl.XMLDocumentScannerImpl.next()I @ 4
Event: 20.543 Thread 0xb6308c00 Uncommon trap: reason=array_check action=maybe_recompile pc=0xb33b2ec4 method=java.util.AbstractCollection.toArray([Ljava/lang/Object;)[Ljava/lang/Object; @ 119
Event: 20.543 Thread 0xb6308c00 Uncommon trap: reason=array_check action=maybe_recompile pc=0xb33b2ec4 method=java.util.AbstractCollection.toArray([Ljava/lang/Object;)[Ljava/lang/Object; @ 119
Event: 20.544 Thread 0xb6308c00 Uncommon trap: reason=array_check action=maybe_recompile pc=0xb33b2ec4 method=java.util.AbstractCollection.toArray([Ljava/lang/Object;)[Ljava/lang/Object; @ 119
Event: 20.544 Thread 0xb6308c00 Uncommon trap: reason=array_check action=maybe_recompile pc=0xb33b2ec4 method=java.util.AbstractCollection.toArray([Ljava/lang/Object;)[Ljava/lang/Object; @ 119

Internal exceptions (10 events):
Event: 11.800 Thread 0xb6308c00 Threw 0xa8d29c88 at /build/buildd/openjdk-7-7u55-2.4.7/build/openjdk/hotspot/src/share/vm/prims/jvm.cpp:1244
Event: 11.824 Thread 0xb6308c00 Threw 0xa8d30b80 at /build/buildd/openjdk-7-7u55-2.4.7/build/openjdk/hotspot/src/share/vm/prims/jvm.cpp:1244
Event: 11.836 Thread 0xb6308c00 Threw 0xa8d37da8 at /build/buildd/openjdk-7-7u55-2.4.7/build/openjdk/hotspot/src/share/vm/prims/jvm.cpp:1244
Event: 12.734 Thread 0xb6308c00 Threw 0xa8d5c9e0 at /build/buildd/openjdk-7-7u55-2.4.7/build/openjdk/hotspot/src/share/vm/prims/jvm.cpp:1244
Event: 12.766 Thread 0xb6308c00 Threw 0xa8d61940 at /build/buildd/openjdk-7-7u55-2.4.7/build/openjdk/hotspot/src/share/vm/prims/jvm.cpp:1244
Event: 12.839 Thread 0xb6308c00 Threw 0xa8d64a18 at /build/buildd/openjdk-7-7u55-2.4.7/build/openjdk/hotspot/src/share/vm/prims/jni.cpp:717
Event: 13.087 Thread 0xb6308c00 Implicit null exception at 0xb334c1e5 to 0xb334c391
Event: 13.088 Thread 0xb6308c00 Threw 0xa8d98a60 at /build/buildd/openjdk-7-7u55-2.4.7/build/openjdk/hotspot/src/share/vm/prims/jvm.cpp:1244
Event: 13.091 Thread 0xb6308c00 Threw 0xa8da0998 at /build/buildd/openjdk-7-7u55-2.4.7/build/openjdk/hotspot/src/share/vm/prims/jvm.cpp:1244
Event: 18.284 Thread 0xb6308c00 Implicit null exception at 0xb33a1960 to 0xb33a31f5

Events (10 events):
Event: 29.323 Executing VM operation: RevokeBias done
Event: 30.563 Executing VM operation: ParallelGCFailedAllocation
Event: 30.756 Executing VM operation: ParallelGCFailedAllocation done
Event: 30.764 Executing VM operation: RevokeBias
Event: 30.768 Executing VM operation: RevokeBias done
Event: 30.779 Executing VM operation: RevokeBias
Event: 30.779 Executing VM operation: RevokeBias done
Event: 30.780 Executing VM operation: BulkRevokeBias
Event: 30.780 Executing VM operation: BulkRevokeBias done
Event: 35.806 Executing VM operation: ParallelGCFailedAllocation


Dynamic libraries:
08048000-08049000 r-xp 00000000 08:02 881567     /usr/lib/jvm/java-7-openjdk-i386/jre/bin/java
08049000-0804a000 r--p 00000000 08:02 881567     /usr/lib/jvm/java-7-openjdk-i386/jre/bin/java
0804a000-0804b000 rw-p 00001000 08:02 881567     /usr/lib/jvm/java-7-openjdk-i386/jre/bin/java
09156000-09666000 rw-p 00000000 00:00 0          [heap]
88100000-881ff000 rw-p 00000000 00:00 0 
881ff000-88200000 ---p 00000000 00:00 0 
88300000-883f8000 rw-p 00000000 00:00 0 
883f8000-88400000 ---p 00000000 00:00 0 
88400000-884f1000 rw-p 00000000 00:00 0 
884f1000-88500000 ---p 00000000 00:00 0 
88500000-885f8000 rw-p 00000000 00:00 0 
885f8000-88600000 ---p 00000000 00:00 0 
88600000-886fd000 rw-p 00000000 00:00 0 
886fd000-88700000 ---p 00000000 00:00 0 
88700000-887b2000 rw-p 00000000 00:00 0 
887b2000-88800000 ---p 00000000 00:00 0 
88873000-88876000 ---p 00000000 00:00 0 
88876000-888c4000 rw-p 00000000 00:00 0          [stack:6133]
888c4000-88900000 r-xp 00000000 08:02 66371      /lib/i386-linux-gnu/libpcre.so.3.13.1
88900000-88901000 r--p 0003b000 08:02 66371      /lib/i386-linux-gnu/libpcre.so.3.13.1
88901000-88902000 rw-p 0003c000 08:02 66371      /lib/i386-linux-gnu/libpcre.so.3.13.1
88902000-88907000 r-xp 00000000 08:02 418726     /usr/lib/i386-linux-gnu/libffi.so.6.0.1
88907000-88908000 r--p 00005000 08:02 418726     /usr/lib/i386-linux-gnu/libffi.so.6.0.1
88908000-88909000 rw-p 00006000 08:02 418726     /usr/lib/i386-linux-gnu/libffi.so.6.0.1
88909000-8891c000 r-xp 00000000 08:02 66394      /lib/i386-linux-gnu/libresolv-2.19.so
8891c000-8891d000 ---p 00013000 08:02 66394      /lib/i386-linux-gnu/libresolv-2.19.so
8891d000-8891e000 r--p 00013000 08:02 66394      /lib/i386-linux-gnu/libresolv-2.19.so
8891e000-8891f000 rw-p 00014000 08:02 66394      /lib/i386-linux-gnu/libresolv-2.19.so
8891f000-88921000 rw-p 00000000 00:00 0 
88921000-88a2b000 r-xp 00000000 08:02 66299      /lib/i386-linux-gnu/libglib-2.0.so.0.4000.0
88a2b000-88a2c000 r--p 00109000 08:02 66299      /lib/i386-linux-gnu/libglib-2.0.so.0.4000.0
88a2c000-88a2d000 rw-p 0010a000 08:02 66299      /lib/i386-linux-gnu/libglib-2.0.so.0.4000.0
88a2d000-88a7d000 r-xp 00000000 08:02 418859     /usr/lib/i386-linux-gnu/libgobject-2.0.so.0.4000.0
88a7d000-88a7e000 r--p 0004f000 08:02 418859     /usr/lib/i386-linux-gnu/libgobject-2.0.so.0.4000.0
88a7e000-88a7f000 rw-p 00050000 08:02 418859     /usr/lib/i386-linux-gnu/libgobject-2.0.so.0.4000.0
88a7f000-88bfc000 r-xp 00000000 08:02 418829     /usr/lib/i386-linux-gnu/libgio-2.0.so.0.4000.0
88bfc000-88bfe000 r--p 0017c000 08:02 418829     /usr/lib/i386-linux-gnu/libgio-2.0.so.0.4000.0
88bfe000-88bff000 rw-p 0017e000 08:02 418829     /usr/lib/i386-linux-gnu/libgio-2.0.so.0.4000.0
88bff000-88c00000 rw-p 00000000 00:00 0 
88c00000-88cfc000 rw-p 00000000 00:00 0 
88cfc000-88d00000 ---p 00000000 00:00 0 
88d05000-88d25000 r-xp 00000000 08:02 65371      /lib/i386-linux-gnu/libselinux.so.1
88d25000-88d26000 r--p 0001f000 08:02 65371      /lib/i386-linux-gnu/libselinux.so.1
88d26000-88d27000 rw-p 00020000 08:02 65371      /lib/i386-linux-gnu/libselinux.so.1
88d27000-88d28000 rw-p 00000000 00:00 0 
88d28000-88d2b000 r-xp 00000000 08:02 418843     /usr/lib/i386-linux-gnu/libgmodule-2.0.so.0.4000.0
88d2b000-88d2c000 r--p 00002000 08:02 418843     /usr/lib/i386-linux-gnu/libgmodule-2.0.so.0.4000.0
88d2c000-88d2d000 rw-p 00003000 08:02 418843     /usr/lib/i386-linux-gnu/libgmodule-2.0.so.0.4000.0
88d31000-88d3a000 r--s 000b9000 08:02 663948     /usr/lib/jvm/java-7-openjdk-i386/jre/lib/resources.jar
88d3a000-88d3d000 r--s 00017000 08:02 663946     /usr/lib/jvm/java-7-openjdk-i386/jre/lib/jce.jar
88d3d000-88d42000 r--s 0004c000 08:02 663942     /usr/lib/jvm/java-7-openjdk-i386/jre/lib/jsse.jar
88d42000-88d59000 r-xp 00000000 08:02 881532     /usr/lib/jvm/java-7-openjdk-i386/jre/lib/i386/libnet.so
88d59000-88d5a000 r--p 00016000 08:02 881532     /usr/lib/jvm/java-7-openjdk-i386/jre/lib/i386/libnet.so
88d5a000-88d5b000 rw-p 00017000 08:02 881532     /usr/lib/jvm/java-7-openjdk-i386/jre/lib/i386/libnet.so
88d5b000-88d60000 r--s 00041000 08:11 3728511    /home/user/.m2/repository/commons-lang/commons-lang/2.6/commons-lang-2.6.jar
88d60000-88d62000 r--s 00005000 08:11 3744656    /home/user/.m2/repository/org/eclipse/jetty/orbit/javax.annotation/1.1.0.v201108011116/javax.annotation-1.1.0.v201108011116.jar
88d62000-88d64000 r--s 0000c000 08:11 3744654    /home/user/.m2/repository/org/eclipse/jetty/orbit/javax.activation/1.1.0.v201105071233/javax.activation-1.1.0.v201105071233.jar
88d64000-88d6a000 r--s 00072000 08:11 3744652    /home/user/.m2/repository/org/eclipse/jetty/orbit/javax.mail.glassfish/1.4.1.v201005082020/javax.mail.glassfish-1.4.1.v201005082020.jar
88d6a000-88d6c000 r--s 00008000 08:11 3744650    /home/user/.m2/repository/org/eclipse/jetty/orbit/javax.security.auth.message/1.0.0.v201108011116/javax.security.auth.message-1.0.0.v201108011116.jar
88d6c000-88d88000 r--s 0018d000 08:11 3744646    /home/user/.m2/repository/org/eclipse/jetty/aggregate/jetty-all-server/7.6.13.v20130916/jetty-all-server-7.6.13.v20130916.jar
88d88000-88d8e000 r--s 00036000 08:11 3744642    /home/user/.m2/repository/junit/junit/4.11/junit-4.11.jar
88d8e000-88d9e000 r--s 000b9000 08:11 3728524    /home/user/.m2/repository/org/apache/opennlp/opennlp-tools/1.5.3/opennlp-tools-1.5.3.jar
88d9e000-88ddb000 r--s 005eb000 08:11 3728513    /home/user/.m2/repository/nz/ac/waikato/cms/weka/weka-stable/3.6.6/weka-stable-3.6.6.jar
88ddb000-88ddc000 ---p 00000000 00:00 0 
88ddc000-88e5c000 rw-p 00000000 00:00 0          [stack:6132]
88e5c000-88e5f000 ---p 00000000 00:00 0 
88e5f000-88ead000 rw-p 00000000 00:00 0          [stack:6131]
88ead000-88eb0000 ---p 00000000 00:00 0 
88eb0000-88f2e000 rw-p 00000000 00:00 0          [stack:6130]
88f2e000-88f31000 ---p 00000000 00:00 0 
88f31000-88faf000 rw-p 00000000 00:00 0          [stack:6129]
88faf000-88fb2000 ---p 00000000 00:00 0 
88fb2000-89000000 rw-p 00000000 00:00 0          [stack:6128]
89000000-89200000 r--p 00000000 08:02 420767     /usr/lib/locale/locale-archive
89200000-892fd000 rw-p 00000000 00:00 0 
892fd000-89300000 ---p 00000000 00:00 0 
89300000-89303000 r--s 0001b000 08:11 3744648    /home/user/.m2/repository/org/eclipse/jetty/orbit/javax.servlet/2.5.0.v201103041518/javax.servlet-2.5.0.v201103041518.jar
89303000-89305000 r--s 00009000 08:11 3744644    /home/user/.m2/repository/org/hamcrest/hamcrest-core/1.3/hamcrest-core-1.3.jar
89305000-8930a000 r--s 00025000 08:11 3728525    /home/user/.m2/repository/net/sf/jwordnet/jwnl/1.3.3/jwnl-1.3.3.jar
8930a000-8932f000 r--s 001ed000 08:11 3744630    /home/user/.m2/repository/org/apache/wicket/wicket-core/6.16.0/wicket-core-6.16.0.jar
8932f000-89332000 ---p 00000000 00:00 0 
89332000-89380000 rw-p 00000000 00:00 0          [stack:6127]
89380000-89383000 ---p 00000000 00:00 0 
89383000-893d1000 rw-p 00000000 00:00 0          [stack:6126]
893d1000-89580000 r--s 01cfb000 08:02 663941     /usr/lib/jvm/java-7-openjdk-i386/jre/lib/rt.jar
89580000-8ac00000 rw-p 00000000 00:00 0 
8ac00000-8acff000 rw-p 00000000 00:00 0 
8acff000-8ad00000 ---p 00000000 00:00 0 
8ad00000-8ad03000 r--s 0001d000 08:11 3728527    /home/user/.m2/repository/org/apache/opennlp/opennlp-maxent/3.0.3/opennlp-maxent-3.0.3.jar
8ad03000-8ad0f000 r--s 00097000 08:11 3735994    /home/user/.m2/repository/org/apache/lucene/lucene-core/2.3.2/lucene-core-2.3.2.jar
8ad0f000-8ad11000 r--s 00015000 08:11 3735993    /home/user/.m2/repository/org/apache/lucene/lucene-snowball/2.3.2/lucene-snowball-2.3.2.jar
8ad11000-8ad1a000 r--s 0006d000 08:11 3744640    /home/user/.m2/repository/log4j/log4j/1.2.16/log4j-1.2.16.jar
8ad1a000-8ad24000 r--s 0005e000 08:11 3744632    /home/user/.m2/repository/org/apache/wicket/wicket-util/6.16.0/wicket-util-6.16.0.jar
8ad24000-8ad25000 ---p 00000000 00:00 0 
8ad25000-8ae00000 rw-p 00000000 00:00 0          [stack:6125]
8ae00000-8ae21000 rw-p 00000000 00:00 0 
8ae21000-8af00000 ---p 00000000 00:00 0 
8af01000-8af03000 r--s 00016000 08:11 3728514    /home/user/.m2/repository/net/sf/squirrel-sql/thirdparty-non-maven/java-cup/0.11a/java-cup-0.11a.jar
8af03000-8af05000 r--s 00005000 08:11 3744634    /home/user/.m2/repository/org/slf4j/slf4j-api/1.6.4/slf4j-api-1.6.4.jar
8af05000-8af09000 r--s 00012000 08:11 3744636    /home/user/.m2/repository/org/apache/wicket/wicket-request/6.16.0/wicket-request-6.16.0.jar
8af09000-8af52000 rw-p 00000000 00:00 0 
8af52000-8af53000 ---p 00000000 00:00 0 
8af53000-8afd3000 rw-p 00000000 00:00 0          [stack:6124]
8afd3000-8afd4000 ---p 00000000 00:00 0 
8afd4000-8b05f000 rw-p 00000000 00:00 0          [stack:6123]
8b05f000-8b0ff000 rw-p 00000000 00:00 0 
8b0ff000-8b107000 rw-p 00000000 00:00 0 
8b107000-8b13f000 rw-p 00000000 00:00 0 
8b13f000-8b14a000 rw-p 00000000 00:00 0 
8b14a000-8b1e9000 rw-p 00000000 00:00 0 
8b1e9000-8b20b000 rw-p 00000000 00:00 0 
8b20b000-8b23f000 rw-p 00000000 00:00 0 
8b23f000-8c240000 rw-p 00000000 00:00 0 
8c240000-93240000 rw-p 00000000 00:00 0 
93240000-94740000 rw-p 00000000 00:00 0 
94740000-a8780000 rw-p 00000000 00:00 0 
a8780000-ac880000 rw-p 00000000 00:00 0 
ae540000-b3240000 rw-p 00000000 00:00 0 
b3240000-b3249000 rw-p 00000000 00:00 0 
b3249000-b3300000 rw-p 00000000 00:00 0 
b3300000-b3540000 rwxp 00000000 00:00 0 
b3540000-b63fe000 rw-p 00000000 00:00 0 
b63fe000-b6400000 ---p 00000000 00:00 0 
b6400000-b6401000 r--s 00002000 08:11 3744638    /home/user/.m2/repository/org/slf4j/slf4j-log4j12/1.6.4/slf4j-log4j12-1.6.4.jar
b6401000-b6402000 r--s 00013000 08:11 3761708    /home/user/git/startup/jars/gn_api-0.2.jar
b6402000-b640f000 r--s 02766000 08:11 3761709    /home/user/git/startup/jars/ws4j-1.0.1.jar
b640f000-b6413000 r--s 00085000 08:02 881503     /usr/lib/jvm/java-7-openjdk-i386/jre/lib/ext/localedata.jar
b6413000-b6417000 r--s 0003b000 08:02 881502     /usr/lib/jvm/java-7-openjdk-i386/jre/lib/ext/sunpkcs11.jar
b6417000-b6418000 r--s 00002000 08:02 881499     /usr/lib/jvm/java-7-openjdk-i386/jre/lib/ext/dnsns.jar
b6418000-b641b000 r--s 00032000 08:02 881500     /usr/lib/jvm/java-7-openjdk-i386/jre/lib/ext/sunjce_provider.jar
b641b000-b641d000 r--s 00006000 08:02 460089     /usr/share/java/java-atk-wrapper.jar
b641d000-b6434000 rw-p 00000000 00:00 0 
b6434000-b646c000 rw-p 00000000 00:00 0 
b646c000-b6477000 r-xp 00000000 08:02 66343      /lib/i386-linux-gnu/libnss_files-2.19.so
b6477000-b6478000 r--p 0000a000 08:02 66343      /lib/i386-linux-gnu/libnss_files-2.19.so
b6478000-b6479000 rw-p 0000b000 08:02 66343      /lib/i386-linux-gnu/libnss_files-2.19.so
b6479000-b6483000 r-xp 00000000 08:02 66353      /lib/i386-linux-gnu/libnss_nis-2.19.so
b6483000-b6484000 r--p 00009000 08:02 66353      /lib/i386-linux-gnu/libnss_nis-2.19.so
b6484000-b6485000 rw-p 0000a000 08:02 66353      /lib/i386-linux-gnu/libnss_nis-2.19.so
b6485000-b649a000 r-xp 00000000 08:02 66337      /lib/i386-linux-gnu/libnsl-2.19.so
b649a000-b649b000 r--p 00015000 08:02 66337      /lib/i386-linux-gnu/libnsl-2.19.so
b649b000-b649c000 rw-p 00016000 08:02 66337      /lib/i386-linux-gnu/libnsl-2.19.so
b649c000-b649e000 rw-p 00000000 00:00 0 
b649e000-b64a5000 r-xp 00000000 08:02 66339      /lib/i386-linux-gnu/libnss_compat-2.19.so
b64a5000-b64a6000 r--p 00006000 08:02 66339      /lib/i386-linux-gnu/libnss_compat-2.19.so
b64a6000-b64a7000 rw-p 00007000 08:02 66339      /lib/i386-linux-gnu/libnss_compat-2.19.so
b64a7000-b64aa000 r--s 0000f000 08:02 881501     /usr/lib/jvm/java-7-openjdk-i386/jre/lib/ext/pulse-java.jar
b64aa000-b64b2000 r-xp 00000000 08:02 881543     /usr/lib/jvm/java-7-openjdk-i386/jre/lib/i386/libzip.so
b64b2000-b64b3000 r--p 00007000 08:02 881543     /usr/lib/jvm/java-7-openjdk-i386/jre/lib/i386/libzip.so
b64b3000-b64b4000 rw-p 00008000 08:02 881543     /usr/lib/jvm/java-7-openjdk-i386/jre/lib/i386/libzip.so
b64b4000-b64bc000 rw-s 00000000 08:02 1085344    /tmp/hsperfdata_user/6114
b64bc000-b64e3000 r-xp 00000000 08:02 881523     /usr/lib/jvm/java-7-openjdk-i386/jre/lib/i386/libjava.so
b64e3000-b64e4000 r--p 00026000 08:02 881523     /usr/lib/jvm/java-7-openjdk-i386/jre/lib/i386/libjava.so
b64e4000-b64e5000 rw-p 00027000 08:02 881523     /usr/lib/jvm/java-7-openjdk-i386/jre/lib/i386/libjava.so
b64e5000-b64ec000 r-xp 00000000 08:02 66396      /lib/i386-linux-gnu/librt-2.19.so
b64ec000-b64ed000 r--p 00006000 08:02 66396      /lib/i386-linux-gnu/librt-2.19.so
b64ed000-b64ee000 rw-p 00007000 08:02 66396      /lib/i386-linux-gnu/librt-2.19.so
b64ee000-b64f1000 ---p 00000000 00:00 0 
b64f1000-b653f000 rw-p 00000000 00:00 0          [stack:6120]
b653f000-b655b000 r-xp 00000000 08:02 66295      /lib/i386-linux-gnu/libgcc_s.so.1
b655b000-b655c000 rw-p 0001b000 08:02 66295      /lib/i386-linux-gnu/libgcc_s.so.1
b655c000-b65a0000 r-xp 00000000 08:02 66318      /lib/i386-linux-gnu/libm-2.19.so
b65a0000-b65a1000 r--p 00043000 08:02 66318      /lib/i386-linux-gnu/libm-2.19.so
b65a1000-b65a2000 rw-p 00044000 08:02 66318      /lib/i386-linux-gnu/libm-2.19.so
b65a2000-b667e000 r-xp 00000000 08:02 419352     /usr/lib/i386-linux-gnu/libstdc++.so.6.0.19
b667e000-b667f000 ---p 000dc000 08:02 419352     /usr/lib/i386-linux-gnu/libstdc++.so.6.0.19
b667f000-b6683000 r--p 000dc000 08:02 419352     /usr/lib/i386-linux-gnu/libstdc++.so.6.0.19
b6683000-b6684000 rw-p 000e0000 08:02 419352     /usr/lib/i386-linux-gnu/libstdc++.so.6.0.19
b6684000-b668b000 rw-p 00000000 00:00 0 
b668b000-b7057000 r-xp 00000000 08:02 881518     /usr/lib/jvm/java-7-openjdk-i386/jre/lib/i386/server/libjvm.so
b7057000-b7058000 ---p 009cc000 08:02 881518     /usr/lib/jvm/java-7-openjdk-i386/jre/lib/i386/server/libjvm.so
b7058000-b70a9000 r--p 009cc000 08:02 881518     /usr/lib/jvm/java-7-openjdk-i386/jre/lib/i386/server/libjvm.so
b70a9000-b70bd000 rw-p 00a1d000 08:02 881518     /usr/lib/jvm/java-7-openjdk-i386/jre/lib/i386/server/libjvm.so
b70bd000-b74db000 rw-p 00000000 00:00 0 
b74db000-b74f3000 r-xp 00000000 08:02 66431      /lib/i386-linux-gnu/libz.so.1.2.8
b74f3000-b74f4000 r--p 00017000 08:02 66431      /lib/i386-linux-gnu/libz.so.1.2.8
b74f4000-b74f5000 rw-p 00018000 08:02 66431      /lib/i386-linux-gnu/libz.so.1.2.8
b74f5000-b750d000 r-xp 00000000 08:02 66388      /lib/i386-linux-gnu/libpthread-2.19.so
b750d000-b750e000 r--p 00017000 08:02 66388      /lib/i386-linux-gnu/libpthread-2.19.so
b750e000-b750f000 rw-p 00018000 08:02 66388      /lib/i386-linux-gnu/libpthread-2.19.so
b750f000-b7511000 rw-p 00000000 00:00 0 
b7511000-b7514000 r-xp 00000000 08:02 66285      /lib/i386-linux-gnu/libdl-2.19.so
b7514000-b7515000 r--p 00002000 08:02 66285      /lib/i386-linux-gnu/libdl-2.19.so
b7515000-b7516000 rw-p 00003000 08:02 66285      /lib/i386-linux-gnu/libdl-2.19.so
b7516000-b76bf000 r-xp 00000000 08:02 66268      /lib/i386-linux-gnu/libc-2.19.so
b76bf000-b76c1000 r--p 001a9000 08:02 66268      /lib/i386-linux-gnu/libc-2.19.so
b76c1000-b76c2000 rw-p 001ab000 08:02 66268      /lib/i386-linux-gnu/libc-2.19.so
b76c2000-b76c5000 rw-p 00000000 00:00 0 
b76c5000-b76c7000 r--s 00012000 08:02 881504     /usr/lib/jvm/java-7-openjdk-i386/jre/lib/ext/zipfs.jar
b76c7000-b76c8000 r--p 00855000 08:02 420767     /usr/lib/locale/locale-archive
b76c8000-b76c9000 rw-p 00000000 00:00 0 
b76c9000-b76ca000 ---p 00000000 00:00 0 
b76ca000-b76d8000 r-xp 00000000 08:02 881534     /usr/lib/jvm/java-7-openjdk-i386/jre/lib/i386/libverify.so
b76d8000-b76d9000 r--p 0000d000 08:02 881534     /usr/lib/jvm/java-7-openjdk-i386/jre/lib/i386/libverify.so
b76d9000-b76da000 rw-p 0000e000 08:02 881534     /usr/lib/jvm/java-7-openjdk-i386/jre/lib/i386/libverify.so
b76da000-b76e6000 r-xp 00000000 08:02 881525     /usr/lib/jvm/java-7-openjdk-i386/jre/lib/i386/jli/libjli.so
b76e6000-b76e7000 r--p 0000c000 08:02 881525     /usr/lib/jvm/java-7-openjdk-i386/jre/lib/i386/jli/libjli.so
b76e7000-b76e8000 rw-p 0000d000 08:02 881525     /usr/lib/jvm/java-7-openjdk-i386/jre/lib/i386/jli/libjli.so
b76e8000-b76eb000 rw-p 00000000 00:00 0 
b76eb000-b76ec000 r-xp 00000000 00:00 0          [vdso]
b76ec000-b770c000 r-xp 00000000 08:02 66244      /lib/i386-linux-gnu/ld-2.19.so
b770c000-b770d000 r--p 0001f000 08:02 66244      /lib/i386-linux-gnu/ld-2.19.so
b770d000-b770e000 rw-p 00020000 08:02 66244      /lib/i386-linux-gnu/ld-2.19.so
bfde9000-bfe0b000 rw-p 00000000 00:00 0          [stack]

VM Arguments:
jvm_args: -Dfile.encoding=UTF-8 
java_command: org.eclipse.jdt.internal.junit.runner.RemoteTestRunner -version 3 -port 44114 -testLoaderClass org.eclipse.jdt.internal.junit4.runner.JUnit4TestLoader -loaderpluginname org.eclipse.jdt.junit4.runtime -classNames de.mft.TestHomePage
Launcher Type: SUN_STANDARD

Environment Variables:
PATH=/usr/local/sbin:/usr/local/bin:/usr/sbin:/usr/bin:/sbin:/bin:/usr/games:/usr/local/games
LD_LIBRARY_PATH=/usr/lib/jvm/java-7-openjdk-i386/jre/lib/i386/server:/usr/lib/jvm/java-7-openjdk-i386/jre/lib/i386:/usr/lib/jvm/java-7-openjdk-i386/jre/../lib/i386:/usr/lib/jvm/java-7-openjdk-i386/jre/lib/i386/client:/usr/lib/jvm/java-7-openjdk-i386/jre/lib/i386:
SHELL=/bin/bash
DISPLAY=:0

Signal Handlers:
SIGSEGV: [libjvm.so+0x7eebf0], sa_mask[0]=0x7ffbfeff, sa_flags=0x10000004
SIGBUS: [libjvm.so+0x7eebf0], sa_mask[0]=0x7ffbfeff, sa_flags=0x10000004
SIGFPE: [libjvm.so+0x66c6a0], sa_mask[0]=0x7ffbfeff, sa_flags=0x10000004
SIGPIPE: [libjvm.so+0x66c6a0], sa_mask[0]=0x7ffbfeff, sa_flags=0x10000004
SIGXFSZ: [libjvm.so+0x66c6a0], sa_mask[0]=0x7ffbfeff, sa_flags=0x10000004
SIGILL: [libjvm.so+0x66c6a0], sa_mask[0]=0x7ffbfeff, sa_flags=0x10000004
SIGUSR1: SIG_DFL, sa_mask[0]=0x00000000, sa_flags=0x00000000
SIGUSR2: [libjvm.so+0x66c530], sa_mask[0]=0x00000004, sa_flags=0x10000004
SIGHUP: [libjvm.so+0x66c760], sa_mask[0]=0x7ffbfeff, sa_flags=0x10000004
SIGINT: [libjvm.so+0x66c760], sa_mask[0]=0x7ffbfeff, sa_flags=0x10000004
SIGTERM: [libjvm.so+0x66c760], sa_mask[0]=0x7ffbfeff, sa_flags=0x10000004
SIGQUIT: [libjvm.so+0x66c760], sa_mask[0]=0x7ffbfeff, sa_flags=0x10000004


---------------  S Y S T E M  ---------------

OS:Ubuntu 14.04 (trusty)
uname:Linux 3.13.0-27-generic #50-Ubuntu SMP Thu May 15 18:08:16 UTC 2014 i686
libc:glibc 2.19 NPTL 2.19 
rlimit: STACK 8192k, CORE 0k, NPROC 15977, NOFILE 4096, AS infinity
load average:20.14 7.90 3.80

/proc/meminfo:
MemTotal:        2064256 kB
MemFree:          101712 kB
Buffers:             232 kB
Cached:            46516 kB
SwapCached:            0 kB
Active:          1839192 kB
Inactive:          37416 kB
Active(anon):    1837400 kB
Inactive(anon):    27932 kB
Active(file):       1792 kB
Inactive(file):     9484 kB
Unevictable:           0 kB
Mlocked:               0 kB
HighTotal:       1183688 kB
HighFree:           1004 kB
LowTotal:         880568 kB
LowFree:          100708 kB
SwapTotal:             0 kB
SwapFree:              0 kB
Dirty:                48 kB
Writeback:            24 kB
AnonPages:       1829880 kB
Mapped:            34688 kB
Shmem:             35452 kB
Slab:              27020 kB
SReclaimable:      11924 kB
SUnreclaim:        15096 kB
KernelStack:        4696 kB
PageTables:        13508 kB
NFS_Unstable:          0 kB
Bounce:                0 kB
WritebackTmp:          0 kB
CommitLimit:     1032128 kB
Committed_AS:    5191392 kB
VmallocTotal:     122880 kB
VmallocUsed:       37264 kB
VmallocChunk:      69508 kB
HardwareCorrupted:     0 kB
AnonHugePages:   1030144 kB
HugePages_Total:       0
HugePages_Free:        0
HugePages_Rsvd:        0
HugePages_Surp:        0
Hugepagesize:       2048 kB
DirectMap4k:       32760 kB
DirectMap2M:      880640 kB


CPU:total 2 (2 cores per cpu, 1 threads per core) family 6 model 42 stepping 7, cmov, cx8, fxsr, mmx, sse, sse2, sse3, ssse3, sse4.1, sse4.2, popcnt, tsc, tscinvbit

/proc/cpuinfo:
processor	: 0
vendor_id	: GenuineIntel
cpu family	: 6
model		: 42
model name	: Intel(R) Pentium(R) CPU 967 @ 1.30GHz
stepping	: 7
microcode	: 0x28
cpu MHz		: 1297.054
cache size	: 2048 KB
physical id	: 0
siblings	: 1
core id		: 0
cpu cores	: 1
apicid		: 0
initial apicid	: 0
fdiv_bug	: no
f00f_bug	: no
coma_bug	: no
fpu		: yes
fpu_exception	: yes
cpuid level	: 13
wp		: yes
flags		: fpu vme de pse tsc msr pae mce cx8 apic sep mtrr pge mca cmov pat pse36 clflush dts mmx fxsr sse sse2 ss nx rdtscp constant_tsc arch_perfmon pebs bts xtopology tsc_reliable nonstop_tsc aperfmperf pni pclmulqdq ssse3 sse4_1 sse4_2 popcnt arat epb pln pts dtherm
bogomips	: 2594.10
clflush size	: 64
cache_alignment	: 64
address sizes	: 36 bits physical, 48 bits virtual
power management:

processor	: 1
vendor_id	: GenuineIntel
cpu family	: 6
model		: 42
model name	: Intel(R) Pentium(R) CPU 967 @ 1.30GHz
stepping	: 7
microcode	: 0x28
cpu MHz		: 1297.054
cache size	: 2048 KB
physical id	: 2
siblings	: 1
core id		: 0
cpu cores	: 1
apicid		: 2
initial apicid	: 2
fdiv_bug	: no
f00f_bug	: no
coma_bug	: no
fpu		: yes
fpu_exception	: yes
cpuid level	: 13
wp		: yes
flags		: fpu vme de pse tsc msr pae mce cx8 apic sep mtrr pge mca cmov pat pse36 clflush dts mmx fxsr sse sse2 ss nx rdtscp constant_tsc arch_perfmon pebs bts xtopology tsc_reliable nonstop_tsc aperfmperf pni pclmulqdq ssse3 sse4_1 sse4_2 popcnt arat epb pln pts dtherm
bogomips	: 2594.10
clflush size	: 64
cache_alignment	: 64
address sizes	: 36 bits physical, 48 bits virtual
power management:



Memory: 4k page, physical 2064256k(101712k free), swap 0k(0k free)

vm_info: OpenJDK Server VM (24.51-b03) for linux-x86 JRE (1.7.0_55-b14), built on Apr 17 2014 20:10:15 by "buildd" with gcc 4.8.2

time: Sat Nov 22 00:12:04 2014
elapsed time: 117 seconds

