#
# There is insufficient memory for the Java Runtime Environment to continue.
# Native memory allocation (malloc) failed to allocate 74973184 bytes for committing reserved memory.
# Possible reasons:
#   The system is out of physical RAM or swap space
#   In 32 bit mode, the process size limit was hit
# Possible solutions:
#   Reduce memory load on the system
#   Increase physical memory or swap space
#   Check if swap backing store is full
#   Use 64 bit Java on a 64 bit OS
#   Decrease Java heap size (-Xmx/-Xms)
#   Decrease number of Java threads
#   Decrease Java thread stack sizes (-Xss)
#   Set larger code cache with -XX:ReservedCodeCacheSize=
# This output file may be truncated or incomplete.
#
#  Out of Memory Error (os_linux.cpp:2769), pid=6134, tid=2303228736
#
# JRE version: OpenJDK Runtime Environment (7.0_55-b14) (build 1.7.0_55-b14)
# Java VM: OpenJDK Server VM (24.51-b03 mixed mode linux-x86 )
# Failed to write core dump. Core dumps have been disabled. To enable core dumping, try "ulimit -c unlimited" before starting Java again
#

---------------  T H R E A D  ---------------

Current thread (0x89310400):  VMThread [stack: 0x89407000,0x89488000] [id=6144]

Stack: [0x89407000,0x89488000]
VM_Operation (0xb6596a98): ParallelGCFailedAllocation, mode: safepoint, requested by thread 0xb6408c00


---------------  P R O C E S S  ---------------

Java Threads: ( => current thread )
  0x88cae400 JavaThread "ReaderThread" [_thread_in_native, id=6152, stack(0x888cc000,0x8891d000)]
  0x8932b800 JavaThread "Service Thread" daemon [_thread_blocked, id=6150, stack(0x88eba000,0x88f0b000)]
  0x89329c00 JavaThread "C2 CompilerThread1" daemon [_thread_blocked, id=6149, stack(0x88f0b000,0x88f8c000)]
  0x89327800 JavaThread "C2 CompilerThread0" daemon [_thread_blocked, id=6148, stack(0x88f8c000,0x8900d000)]
  0x89326000 JavaThread "Signal Dispatcher" daemon [_thread_blocked, id=6147, stack(0x8900d000,0x8905e000)]
  0x89314400 JavaThread "Finalizer" daemon [_thread_blocked, id=6146, stack(0x8925e000,0x892af000)]
  0x89312c00 JavaThread "Reference Handler" daemon [_thread_blocked, id=6145, stack(0x892af000,0x89300000)]
  0xb6408c00 JavaThread "main" [_thread_blocked, id=6137, stack(0xb6548000,0xb6599000)]

Other Threads:
=>0x89310400 VMThread [stack: 0x89407000,0x89488000] [id=6144]
  0x8932d400 WatcherThread [stack: 0x88e39000,0x88eba000] [id=6151]

VM state:at safepoint (normal execution)

VM Mutex/Monitor currently owned by a thread:  ([mutex/lock_event])
[0xb6406558] Threads_lock - owner thread: 0x89310400
[0xb6406968] Heap_lock - owner thread: 0xb6408c00

Heap
 PSYoungGen      total 70912K, used 6136K [0xa8840000, 0xad440000, 0xb3300000)
  eden space 64768K, 0% used [0xa8840000,0xa8840000,0xac780000)
  from space 6144K, 99% used [0xac780000,0xacd7e020,0xacd80000)
  to   space 5376K, 0% used [0xacd80000,0xacd80000,0xad2c0000)
 ParOldGen       total 21504K, used 16246K [0x93300000, 0x94800000, 0xa8840000)
  object space 21504K, 75% used [0x93300000,0x942dd840,0x94800000)
 PSPermGen       total 16384K, used 7222K [0x8b300000, 0x8c300000, 0x93300000)
  object space 16384K, 44% used [0x8b300000,0x8ba0dbe8,0x8c300000)

Card table byte_map: [0x8b1bf000,0x8b300000] byte_map_base: 0x8ad65800

Polling page: 0xb7723000

Code Cache  [0xb33c5000, 0xb3605000, 0xb63c5000)
 total_blobs=296 nmethods=166 adapters=84 free_code_cache=48289Kb largest_free_block=49423296

Compilation events (10 events):
Event: 21.540 Thread 0x89329c00 nmethod 164 0xb347cf08 code [0xb347d020, 0xb347d13c]
Event: 21.564 Thread 0x89327800 nmethod 165 0xb341b8c8 code [0xb341ba00, 0xb341be3c]
Event: 21.613 Thread 0x89329c00  166             java.util.ArrayList::subListRangeCheck (110 bytes)
Event: 21.614 Thread 0x89329c00 nmethod 166 0xb340ee88 code [0xb340ef80, 0xb340f010]
Event: 23.978 Thread 0x89329c00  167             java.util.TreeMap::rotateLeft (96 bytes)
Event: 23.982 Thread 0x89329c00 nmethod 167 0xb340ebc8 code [0xb340ecc0, 0xb340edd0]
Event: 24.388 Thread 0x89327800  168             java.util.TreeMap::rotateRight (96 bytes)
Event: 24.393 Thread 0x89327800 nmethod 168 0xb3495a88 code [0xb3495b80, 0xb3495c90]
Event: 25.204 Thread 0x89329c00  169             com.sun.org.apache.xerces.internal.impl.dtd.XMLDTDValidator::handleEndElement (379 bytes)
Event: 25.277 Thread 0x89329c00 nmethod 169 0xb3486d88 code [0xb3486f60, 0xb3487740]

GC Heap History (10 events):
Event: 5.686 GC heap after
Heap after GC invocations=2 (full 0):
 PSYoungGen      total 17664K, used 1278K [0xa8840000, 0xa9ac0000, 0xb3300000)
  eden space 16384K, 0% used [0xa8840000,0xa8840000,0xa9840000)
  from space 1280K, 99% used [0xa9980000,0xa9abf8f8,0xa9ac0000)
  to   space 1280K, 0% used [0xa9840000,0xa9840000,0xa9980000)
 ParOldGen       total 21504K, used 1391K [0x93300000, 0x94800000, 0xa8840000)
  object space 21504K, 6% used [0x93300000,0x9345bd58,0x94800000)
 PSPermGen       total 16384K, used 5365K [0x8b300000, 0x8c300000, 0x93300000)
  object space 16384K, 32% used [0x8b300000,0x8b83d530,0x8c300000)
}
Event: 17.079 GC heap before
{Heap before GC invocations=3 (full 0):
 PSYoungGen      total 17664K, used 17662K [0xa8840000, 0xa9ac0000, 0xb3300000)
  eden space 16384K, 100% used [0xa8840000,0xa9840000,0xa9840000)
  from space 1280K, 99% used [0xa9980000,0xa9abf8f8,0xa9ac0000)
  to   space 1280K, 0% used [0xa9840000,0xa9840000,0xa9980000)
 ParOldGen       total 21504K, used 1391K [0x93300000, 0x94800000, 0xa8840000)
  object space 21504K, 6% used [0x93300000,0x9345bd58,0x94800000)
 PSPermGen       total 16384K, used 7214K [0x8b300000, 0x8c300000, 0x93300000)
  object space 16384K, 44% used [0x8b300000,0x8ba0bb28,0x8c300000)
Event: 17.281 GC heap after
Heap after GC invocations=3 (full 0):
 PSYoungGen      total 17664K, used 1266K [0xa8840000, 0xaaac0000, 0xb3300000)
  eden space 16384K, 0% used [0xa8840000,0xa8840000,0xa9840000)
  from space 1280K, 98% used [0xa9840000,0xa997c9d0,0xa9980000)
  to   space 1280K, 0% used [0xaa980000,0xaa980000,0xaaac0000)
 ParOldGen       total 21504K, used 3508K [0x93300000, 0x94800000, 0xa8840000)
  object space 21504K, 16% used [0x93300000,0x9366d218,0x94800000)
 PSPermGen       total 16384K, used 7214K [0x8b300000, 0x8c300000, 0x93300000)
  object space 16384K, 44% used [0x8b300000,0x8ba0bb28,0x8c300000)
}
Event: 21.007 GC heap before
{Heap before GC invocations=4 (full 0):
 PSYoungGen      total 17664K, used 17650K [0xa8840000, 0xaaac0000, 0xb3300000)
  eden space 16384K, 100% used [0xa8840000,0xa9840000,0xa9840000)
  from space 1280K, 98% used [0xa9840000,0xa997c9d0,0xa9980000)
  to   space 1280K, 0% used [0xaa980000,0xaa980000,0xaaac0000)
 ParOldGen       total 21504K, used 3508K [0x93300000, 0x94800000, 0xa8840000)
  object space 21504K, 16% used [0x93300000,0x9366d218,0x94800000)
 PSPermGen       total 16384K, used 7219K [0x8b300000, 0x8c300000, 0x93300000)
  object space 16384K, 44% used [0x8b300000,0x8ba0cfe0,0x8c300000)
Event: 21.113 GC heap after
Heap after GC invocations=4 (full 0):
 PSYoungGen      total 34048K, used 1274K [0xa8840000, 0xaaac0000, 0xb3300000)
  eden space 32768K, 0% used [0xa8840000,0xa8840000,0xaa840000)
  from space 1280K, 99% used [0xaa980000,0xaaabe930,0xaaac0000)
  to   space 1280K, 0% used [0xaa840000,0xaa840000,0xaa980000)
 ParOldGen       total 21504K, used 5414K [0x93300000, 0x94800000, 0xa8840000)
  object space 21504K, 25% used [0x93300000,0x93849b80,0x94800000)
 PSPermGen       total 16384K, used 7219K [0x8b300000, 0x8c300000, 0x93300000)
  object space 16384K, 44% used [0x8b300000,0x8ba0cfe0,0x8c300000)
}
Event: 22.883 GC heap before
{Heap before GC invocations=5 (full 0):
 PSYoungGen      total 34048K, used 34042K [0xa8840000, 0xaaac0000, 0xb3300000)
  eden space 32768K, 100% used [0xa8840000,0xaa840000,0xaa840000)
  from space 1280K, 99% used [0xaa980000,0xaaabe930,0xaaac0000)
  to   space 1280K, 0% used [0xaa840000,0xaa840000,0xaa980000)
 ParOldGen       total 21504K, used 5414K [0x93300000, 0x94800000, 0xa8840000)
  object space 21504K, 25% used [0x93300000,0x93849b80,0x94800000)
 PSPermGen       total 16384K, used 7222K [0x8b300000, 0x8c300000, 0x93300000)
  object space 16384K, 44% used [0x8b300000,0x8ba0d8f8,0x8c300000)
Event: 22.968 GC heap after
Heap after GC invocations=5 (full 0):
 PSYoungGen      total 34048K, used 1274K [0xa8840000, 0xad2c0000, 0xb3300000)
  eden space 32768K, 0% used [0xa8840000,0xa8840000,0xaa840000)
  from space 1280K, 99% used [0xaa840000,0xaa97e930,0xaa980000)
  to   space 5376K, 0% used [0xacd80000,0xacd80000,0xad2c0000)
 ParOldGen       total 21504K, used 9250K [0x93300000, 0x94800000, 0xa8840000)
  object space 21504K, 43% used [0x93300000,0x93c08bb0,0x94800000)
 PSPermGen       total 16384K, used 7222K [0x8b300000, 0x8c300000, 0x93300000)
  object space 16384K, 44% used [0x8b300000,0x8ba0d8f8,0x8c300000)
}
Event: 24.108 GC heap before
{Heap before GC invocations=6 (full 0):
 PSYoungGen      total 34048K, used 34042K [0xa8840000, 0xad2c0000, 0xb3300000)
  eden space 32768K, 100% used [0xa8840000,0xaa840000,0xaa840000)
  from space 1280K, 99% used [0xaa840000,0xaa97e930,0xaa980000)
  to   space 5376K, 0% used [0xacd80000,0xacd80000,0xad2c0000)
 ParOldGen       total 21504K, used 9250K [0x93300000, 0x94800000, 0xa8840000)
  object space 21504K, 43% used [0x93300000,0x93c08bb0,0x94800000)
 PSPermGen       total 16384K, used 7222K [0x8b300000, 0x8c300000, 0x93300000)
  object space 16384K, 44% used [0x8b300000,0x8ba0da00,0x8c300000)
Event: 24.211 GC heap after
Heap after GC invocations=6 (full 0):
 PSYoungGen      total 70144K, used 5210K [0xa8840000, 0xad440000, 0xb3300000)
  eden space 64768K, 0% used [0xa8840000,0xa8840000,0xac780000)
  from space 5376K, 96% used [0xacd80000,0xad296950,0xad2c0000)
  to   space 6144K, 0% used [0xac780000,0xac780000,0xacd80000)
 ParOldGen       total 21504K, used 9250K [0x93300000, 0x94800000, 0xa8840000)
  object space 21504K, 43% used [0x93300000,0x93c08bb0,0x94800000)
 PSPermGen       total 16384K, used 7222K [0x8b300000, 0x8c300000, 0x93300000)
  object space 16384K, 44% used [0x8b300000,0x8ba0da00,0x8c300000)
}
Event: 30.123 GC heap before
{Heap before GC invocations=7 (full 0):
 PSYoungGen      total 70144K, used 69978K [0xa8840000, 0xad440000, 0xb3300000)
  eden space 64768K, 100% used [0xa8840000,0xac780000,0xac780000)
  from space 5376K, 96% used [0xacd80000,0xad296950,0xad2c0000)
  to   space 6144K, 0% used [0xac780000,0xac780000,0xacd80000)
 ParOldGen       total 21504K, used 9250K [0x93300000, 0x94800000, 0xa8840000)
  object space 21504K, 43% used [0x93300000,0x93c08bb0,0x94800000)
 PSPermGen       total 16384K, used 7222K [0x8b300000, 0x8c300000, 0x93300000)
  object space 16384K, 44% used [0x8b300000,0x8ba0dbe8,0x8c300000)

Deoptimization events (10 events):
Event: 15.012 Thread 0xb6408c00 Uncommon trap: reason=class_check action=maybe_recompile pc=0xb3445d08 method=com.sun.org.apache.xerces.internal.impl.XMLDocumentScannerImpl.next()I @ 4
Event: 15.012 Thread 0xb6408c00 Uncommon trap: reason=class_check action=maybe_recompile pc=0xb3445d08 method=com.sun.org.apache.xerces.internal.impl.XMLDocumentScannerImpl.next()I @ 4
Event: 15.051 Thread 0xb6408c00 Uncommon trap: reason=class_check action=maybe_recompile pc=0xb3445d08 method=com.sun.org.apache.xerces.internal.impl.XMLDocumentScannerImpl.next()I @ 4
Event: 15.356 Thread 0xb6408c00 Uncommon trap: reason=class_check action=maybe_recompile pc=0xb3454ac4 method=com.sun.org.apache.xerces.internal.impl.XMLDocumentScannerImpl.next()I @ 4
Event: 17.294 Thread 0xb6408c00 Uncommon trap: reason=array_check action=maybe_recompile pc=0xb3472544 method=java.util.AbstractCollection.toArray([Ljava/lang/Object;)[Ljava/lang/Object; @ 119
Event: 17.294 Thread 0xb6408c00 Uncommon trap: reason=array_check action=maybe_recompile pc=0xb3472544 method=java.util.AbstractCollection.toArray([Ljava/lang/Object;)[Ljava/lang/Object; @ 119
Event: 17.294 Thread 0xb6408c00 Uncommon trap: reason=array_check action=maybe_recompile pc=0xb3472544 method=java.util.AbstractCollection.toArray([Ljava/lang/Object;)[Ljava/lang/Object; @ 119
Event: 17.294 Thread 0xb6408c00 Uncommon trap: reason=array_check action=maybe_recompile pc=0xb3472544 method=java.util.AbstractCollection.toArray([Ljava/lang/Object;)[Ljava/lang/Object; @ 119
Event: 25.089 Thread 0xb6408c00 Uncommon trap: reason=unreached action=reinterpret pc=0xb349eaf4 method=org.eml.sir.gn.SynsetHandler.getText()Ljava/lang/String; @ 4
Event: 25.139 Thread 0xb6408c00 Uncommon trap: reason=unreached action=reinterpret pc=0xb3499150 method=org.eml.sir.gn.SynsetHandler.getText()Ljava/lang/String; @ 4

Internal exceptions (10 events):
Event: 8.535 Thread 0xb6408c00 Threw 0xa8de7a28 at /build/buildd/openjdk-7-7u55-2.4.7/build/openjdk/hotspot/src/share/vm/prims/jvm.cpp:1244
Event: 8.535 Thread 0xb6408c00 Threw 0xa8dee920 at /build/buildd/openjdk-7-7u55-2.4.7/build/openjdk/hotspot/src/share/vm/prims/jvm.cpp:1244
Event: 8.571 Thread 0xb6408c00 Threw 0xa8df5b48 at /build/buildd/openjdk-7-7u55-2.4.7/build/openjdk/hotspot/src/share/vm/prims/jvm.cpp:1244
Event: 8.999 Thread 0xb6408c00 Threw 0xa8e1a628 at /build/buildd/openjdk-7-7u55-2.4.7/build/openjdk/hotspot/src/share/vm/prims/jvm.cpp:1244
Event: 9.001 Thread 0xb6408c00 Threw 0xa8e1f588 at /build/buildd/openjdk-7-7u55-2.4.7/build/openjdk/hotspot/src/share/vm/prims/jvm.cpp:1244
Event: 9.010 Thread 0xb6408c00 Threw 0xa8e22660 at /build/buildd/openjdk-7-7u55-2.4.7/build/openjdk/hotspot/src/share/vm/prims/jni.cpp:717
Event: 9.324 Thread 0xb6408c00 Implicit null exception at 0xb3412d25 to 0xb3412ed1
Event: 9.325 Thread 0xb6408c00 Threw 0xa8e56e80 at /build/buildd/openjdk-7-7u55-2.4.7/build/openjdk/hotspot/src/share/vm/prims/jvm.cpp:1244
Event: 9.377 Thread 0xb6408c00 Threw 0xa8e5edb8 at /build/buildd/openjdk-7-7u55-2.4.7/build/openjdk/hotspot/src/share/vm/prims/jvm.cpp:1244
Event: 14.474 Thread 0xb6408c00 Implicit null exception at 0xb3466049 to 0xb3467bd1

Events (10 events):
Event: 24.219 Executing VM operation: RevokeBias
Event: 24.220 Executing VM operation: RevokeBias done
Event: 24.393 Thread 0x89327800 flushing nmethod 0xb3412c08
Event: 25.088 Thread 0xb6408c00 Uncommon trap: trap_request=0xffffffad fr.pc=0xb349eaf4
Event: 25.089 Thread 0xb6408c00 DEOPT PACKING pc=0xb349eaf4 sp=0xb6596c80
Event: 25.089 Thread 0xb6408c00 DEOPT UNPACKING pc=0xb33f1bbc sp=0xb6596b7c mode 2
Event: 25.139 Thread 0xb6408c00 Uncommon trap: trap_request=0xffffffad fr.pc=0xb3499150
Event: 25.139 Thread 0xb6408c00 DEOPT PACKING pc=0xb3499150 sp=0xb6596c10
Event: 25.139 Thread 0xb6408c00 DEOPT UNPACKING pc=0xb33f1bbc sp=0xb6596b6c mode 2
Event: 28.731 Executing VM operation: ParallelGCFailedAllocation


Dynamic libraries:
08048000-08049000 r-xp 00000000 08:02 881567     /usr/lib/jvm/java-7-openjdk-i386/jre/bin/java
08049000-0804a000 r--p 00000000 08:02 881567     /usr/lib/jvm/java-7-openjdk-i386/jre/bin/java
0804a000-0804b000 rw-p 00001000 08:02 881567     /usr/lib/jvm/java-7-openjdk-i386/jre/bin/java
0971f000-09ce4000 rw-p 00000000 00:00 0          [heap]
88100000-881ea000 rw-p 00000000 00:00 0 
881ea000-88200000 ---p 00000000 00:00 0 
88300000-88397000 rw-p 00000000 00:00 0 
88397000-88400000 ---p 00000000 00:00 0 
88400000-884fe000 rw-p 00000000 00:00 0 
884fe000-88500000 ---p 00000000 00:00 0 
88500000-885fa000 rw-p 00000000 00:00 0 
885fa000-88600000 ---p 00000000 00:00 0 
88600000-886fe000 rw-p 00000000 00:00 0 
886fe000-88700000 ---p 00000000 00:00 0 
88700000-887d9000 rw-p 00000000 00:00 0 
887d9000-88800000 ---p 00000000 00:00 0 
888cc000-888cf000 ---p 00000000 00:00 0 
888cf000-8891d000 rw-p 00000000 00:00 0          [stack:6152]
8891d000-88959000 r-xp 00000000 08:02 66371      /lib/i386-linux-gnu/libpcre.so.3.13.1
88959000-8895a000 r--p 0003b000 08:02 66371      /lib/i386-linux-gnu/libpcre.so.3.13.1
8895a000-8895b000 rw-p 0003c000 08:02 66371      /lib/i386-linux-gnu/libpcre.so.3.13.1
8895b000-8896e000 r-xp 00000000 08:02 66394      /lib/i386-linux-gnu/libresolv-2.19.so
8896e000-8896f000 ---p 00013000 08:02 66394      /lib/i386-linux-gnu/libresolv-2.19.so
8896f000-88970000 r--p 00013000 08:02 66394      /lib/i386-linux-gnu/libresolv-2.19.so
88970000-88971000 rw-p 00014000 08:02 66394      /lib/i386-linux-gnu/libresolv-2.19.so
88971000-88973000 rw-p 00000000 00:00 0 
88973000-88a7d000 r-xp 00000000 08:02 66299      /lib/i386-linux-gnu/libglib-2.0.so.0.4000.0
88a7d000-88a7e000 r--p 00109000 08:02 66299      /lib/i386-linux-gnu/libglib-2.0.so.0.4000.0
88a7e000-88a7f000 rw-p 0010a000 08:02 66299      /lib/i386-linux-gnu/libglib-2.0.so.0.4000.0
88a7f000-88bfc000 r-xp 00000000 08:02 418829     /usr/lib/i386-linux-gnu/libgio-2.0.so.0.4000.0
88bfc000-88bfe000 r--p 0017c000 08:02 418829     /usr/lib/i386-linux-gnu/libgio-2.0.so.0.4000.0
88bfe000-88bff000 rw-p 0017e000 08:02 418829     /usr/lib/i386-linux-gnu/libgio-2.0.so.0.4000.0
88bff000-88c00000 rw-p 00000000 00:00 0 
88c00000-88cfa000 rw-p 00000000 00:00 0 
88cfa000-88d00000 ---p 00000000 00:00 0 
88d07000-88d0c000 r-xp 00000000 08:02 418726     /usr/lib/i386-linux-gnu/libffi.so.6.0.1
88d0c000-88d0d000 r--p 00005000 08:02 418726     /usr/lib/i386-linux-gnu/libffi.so.6.0.1
88d0d000-88d0e000 rw-p 00006000 08:02 418726     /usr/lib/i386-linux-gnu/libffi.so.6.0.1
88d0e000-88d2e000 r-xp 00000000 08:02 65371      /lib/i386-linux-gnu/libselinux.so.1
88d2e000-88d2f000 r--p 0001f000 08:02 65371      /lib/i386-linux-gnu/libselinux.so.1
88d2f000-88d30000 rw-p 00020000 08:02 65371      /lib/i386-linux-gnu/libselinux.so.1
88d30000-88d31000 rw-p 00000000 00:00 0 
88d31000-88d34000 r-xp 00000000 08:02 418843     /usr/lib/i386-linux-gnu/libgmodule-2.0.so.0.4000.0
88d34000-88d35000 r--p 00002000 08:02 418843     /usr/lib/i386-linux-gnu/libgmodule-2.0.so.0.4000.0
88d35000-88d36000 rw-p 00003000 08:02 418843     /usr/lib/i386-linux-gnu/libgmodule-2.0.so.0.4000.0
88d36000-88d86000 r-xp 00000000 08:02 418859     /usr/lib/i386-linux-gnu/libgobject-2.0.so.0.4000.0
88d86000-88d87000 r--p 0004f000 08:02 418859     /usr/lib/i386-linux-gnu/libgobject-2.0.so.0.4000.0
88d87000-88d88000 rw-p 00050000 08:02 418859     /usr/lib/i386-linux-gnu/libgobject-2.0.so.0.4000.0
88d8c000-88d95000 r--s 000b9000 08:02 663948     /usr/lib/jvm/java-7-openjdk-i386/jre/lib/resources.jar
88d95000-88d98000 r--s 00017000 08:02 663946     /usr/lib/jvm/java-7-openjdk-i386/jre/lib/jce.jar
88d98000-88d9d000 r--s 0004c000 08:02 663942     /usr/lib/jvm/java-7-openjdk-i386/jre/lib/jsse.jar
88d9d000-88db4000 r-xp 00000000 08:02 881532     /usr/lib/jvm/java-7-openjdk-i386/jre/lib/i386/libnet.so
88db4000-88db5000 r--p 00016000 08:02 881532     /usr/lib/jvm/java-7-openjdk-i386/jre/lib/i386/libnet.so
88db5000-88db6000 rw-p 00017000 08:02 881532     /usr/lib/jvm/java-7-openjdk-i386/jre/lib/i386/libnet.so
88db6000-88dbb000 r--s 00041000 08:11 3728511    /home/user/.m2/repository/commons-lang/commons-lang/2.6/commons-lang-2.6.jar
88dbb000-88dbd000 r--s 00005000 08:11 3744656    /home/user/.m2/repository/org/eclipse/jetty/orbit/javax.annotation/1.1.0.v201108011116/javax.annotation-1.1.0.v201108011116.jar
88dbd000-88dbf000 r--s 0000c000 08:11 3744654    /home/user/.m2/repository/org/eclipse/jetty/orbit/javax.activation/1.1.0.v201105071233/javax.activation-1.1.0.v201105071233.jar
88dbf000-88dc5000 r--s 00072000 08:11 3744652    /home/user/.m2/repository/org/eclipse/jetty/orbit/javax.mail.glassfish/1.4.1.v201005082020/javax.mail.glassfish-1.4.1.v201005082020.jar
88dc5000-88dc7000 r--s 00008000 08:11 3744650    /home/user/.m2/repository/org/eclipse/jetty/orbit/javax.security.auth.message/1.0.0.v201108011116/javax.security.auth.message-1.0.0.v201108011116.jar
88dc7000-88dca000 r--s 0001b000 08:11 3744648    /home/user/.m2/repository/org/eclipse/jetty/orbit/javax.servlet/2.5.0.v201103041518/javax.servlet-2.5.0.v201103041518.jar
88dca000-88de6000 r--s 0018d000 08:11 3744646    /home/user/.m2/repository/org/eclipse/jetty/aggregate/jetty-all-server/7.6.13.v20130916/jetty-all-server-7.6.13.v20130916.jar
88de6000-88dec000 r--s 00036000 08:11 3744642    /home/user/.m2/repository/junit/junit/4.11/junit-4.11.jar
88dec000-88dfc000 r--s 000b9000 08:11 3728524    /home/user/.m2/repository/org/apache/opennlp/opennlp-tools/1.5.3/opennlp-tools-1.5.3.jar
88dfc000-88e39000 r--s 005eb000 08:11 3728513    /home/user/.m2/repository/nz/ac/waikato/cms/weka/weka-stable/3.6.6/weka-stable-3.6.6.jar
88e39000-88e3a000 ---p 00000000 00:00 0 
88e3a000-88eba000 rw-p 00000000 00:00 0          [stack:6151]
88eba000-88ebd000 ---p 00000000 00:00 0 
88ebd000-88f0b000 rw-p 00000000 00:00 0          [stack:6150]
88f0b000-88f0e000 ---p 00000000 00:00 0 
88f0e000-88f8c000 rw-p 00000000 00:00 0          [stack:6149]
88f8c000-88f8f000 ---p 00000000 00:00 0 
88f8f000-8900d000 rw-p 00000000 00:00 0          [stack:6148]
8900d000-89010000 ---p 00000000 00:00 0 
89010000-8905e000 rw-p 00000000 00:00 0          [stack:6147]
8905e000-8925e000 r--p 00000000 08:02 420767     /usr/lib/locale/locale-archive
8925e000-89261000 ---p 00000000 00:00 0 
89261000-892af000 rw-p 00000000 00:00 0          [stack:6146]
892af000-892b2000 ---p 00000000 00:00 0 
892b2000-89300000 rw-p 00000000 00:00 0          [stack:6145]
89300000-893fb000 rw-p 00000000 00:00 0 
893fb000-89400000 ---p 00000000 00:00 0 
89400000-89402000 r--s 00009000 08:11 3744644    /home/user/.m2/repository/org/hamcrest/hamcrest-core/1.3/hamcrest-core-1.3.jar
89402000-89407000 r--s 00025000 08:11 3728525    /home/user/.m2/repository/net/sf/jwordnet/jwnl/1.3.3/jwnl-1.3.3.jar
89407000-89408000 ---p 00000000 00:00 0 
89408000-894d1000 rw-p 00000000 00:00 0          [stack:6144]
894d1000-89680000 r--s 01cfb000 08:02 663941     /usr/lib/jvm/java-7-openjdk-i386/jre/lib/rt.jar
89680000-8ad00000 rw-p 00000000 00:00 0 
8ad00000-8adff000 rw-p 00000000 00:00 0 
8adff000-8ae00000 ---p 00000000 00:00 0 
8ae00000-8ae03000 r--s 0001d000 08:11 3728527    /home/user/.m2/repository/org/apache/opennlp/opennlp-maxent/3.0.3/opennlp-maxent-3.0.3.jar
8ae03000-8ae0f000 r--s 00097000 08:11 3735994    /home/user/.m2/repository/org/apache/lucene/lucene-core/2.3.2/lucene-core-2.3.2.jar
8ae0f000-8ae11000 r--s 00015000 08:11 3735993    /home/user/.m2/repository/org/apache/lucene/lucene-snowball/2.3.2/lucene-snowball-2.3.2.jar
8ae11000-8ae1a000 r--s 0006d000 08:11 3744640    /home/user/.m2/repository/log4j/log4j/1.2.16/log4j-1.2.16.jar
8ae1a000-8ae24000 r--s 0005e000 08:11 3744632    /home/user/.m2/repository/org/apache/wicket/wicket-util/6.16.0/wicket-util-6.16.0.jar
8ae24000-8ae7f000 rw-p 00000000 00:00 0 
8ae7f000-8ae80000 ---p 00000000 00:00 0 
8ae80000-8af00000 rw-p 00000000 00:00 0          [stack:6143]
8af00000-8af21000 rw-p 00000000 00:00 0 
8af21000-8b000000 ---p 00000000 00:00 0 
8b000000-8b002000 r--s 00016000 08:11 3728514    /home/user/.m2/repository/net/sf/squirrel-sql/thirdparty-non-maven/java-cup/0.11a/java-cup-0.11a.jar
8b002000-8b003000 r--s 00002000 08:11 3744638    /home/user/.m2/repository/org/slf4j/slf4j-log4j12/1.6.4/slf4j-log4j12-1.6.4.jar
8b003000-8b005000 r--s 00005000 08:11 3744634    /home/user/.m2/repository/org/slf4j/slf4j-api/1.6.4/slf4j-api-1.6.4.jar
8b005000-8b009000 r--s 00012000 08:11 3744636    /home/user/.m2/repository/org/apache/wicket/wicket-request/6.16.0/wicket-request-6.16.0.jar
8b009000-8b02e000 r--s 001ed000 08:11 3744630    /home/user/.m2/repository/org/apache/wicket/wicket-core/6.16.0/wicket-core-6.16.0.jar
8b02e000-8b02f000 r--s 00013000 08:11 3761708    /home/user/git/startup/jars/gn_api-0.2.jar
8b02f000-8b03c000 r--s 02766000 08:11 3761709    /home/user/git/startup/jars/ws4j-1.0.1.jar
8b03c000-8b040000 r--s 00085000 08:02 881503     /usr/lib/jvm/java-7-openjdk-i386/jre/lib/ext/localedata.jar
8b040000-8b044000 r--s 0003b000 08:02 881502     /usr/lib/jvm/java-7-openjdk-i386/jre/lib/ext/sunpkcs11.jar
8b044000-8b053000 rw-p 00000000 00:00 0 
8b053000-8b054000 ---p 00000000 00:00 0 
8b054000-8b0dc000 rw-p 00000000 00:00 0          [stack:6142]
8b0dc000-8b114000 rw-p 00000000 00:00 0 
8b114000-8b11f000 rw-p 00000000 00:00 0 
8b11f000-8b1bf000 rw-p 00000000 00:00 0 
8b1bf000-8b1c7000 rw-p 00000000 00:00 0 
8b1c7000-8b1ff000 rw-p 00000000 00:00 0 
8b1ff000-8b20a000 rw-p 00000000 00:00 0 
8b20a000-8b2a9000 rw-p 00000000 00:00 0 
8b2a9000-8b2d0000 rw-p 00000000 00:00 0 
8b2d0000-8b2ff000 rw-p 00000000 00:00 0 
8b2ff000-8c300000 rw-p 00000000 00:00 0 
8c300000-93300000 rw-p 00000000 00:00 0 
93300000-94800000 rw-p 00000000 00:00 0 
94800000-a8840000 rw-p 00000000 00:00 0 
a8840000-ad440000 rw-p 00000000 00:00 0 
b1bc0000-b3300000 rw-p 00000000 00:00 0 
b3300000-b3303000 r--s 00032000 08:02 881500     /usr/lib/jvm/java-7-openjdk-i386/jre/lib/ext/sunjce_provider.jar
b3303000-b3305000 r--s 00006000 08:02 460089     /usr/share/java/java-atk-wrapper.jar
b3305000-b330e000 rw-p 00000000 00:00 0 
b330e000-b33c5000 rw-p 00000000 00:00 0 
b33c5000-b3605000 rwxp 00000000 00:00 0 
b3605000-b63c5000 rw-p 00000000 00:00 0 
b63c5000-b63d0000 r-xp 00000000 08:02 66343      /lib/i386-linux-gnu/libnss_files-2.19.so
b63d0000-b63d1000 r--p 0000a000 08:02 66343      /lib/i386-linux-gnu/libnss_files-2.19.so
b63d1000-b63d2000 rw-p 0000b000 08:02 66343      /lib/i386-linux-gnu/libnss_files-2.19.so
b63d2000-b63dc000 r-xp 00000000 08:02 66353      /lib/i386-linux-gnu/libnss_nis-2.19.so
b63dc000-b63dd000 r--p 00009000 08:02 66353      /lib/i386-linux-gnu/libnss_nis-2.19.so
b63dd000-b63de000 rw-p 0000a000 08:02 66353      /lib/i386-linux-gnu/libnss_nis-2.19.so
b63de000-b63f3000 r-xp 00000000 08:02 66337      /lib/i386-linux-gnu/libnsl-2.19.so
b63f3000-b63f4000 r--p 00015000 08:02 66337      /lib/i386-linux-gnu/libnsl-2.19.so
b63f4000-b63f5000 rw-p 00016000 08:02 66337      /lib/i386-linux-gnu/libnsl-2.19.so
b63f5000-b63f7000 rw-p 00000000 00:00 0 
b63f7000-b63fe000 r-xp 00000000 08:02 66339      /lib/i386-linux-gnu/libnss_compat-2.19.so
b63fe000-b63ff000 r--p 00006000 08:02 66339      /lib/i386-linux-gnu/libnss_compat-2.19.so
b63ff000-b6400000 rw-p 00007000 08:02 66339      /lib/i386-linux-gnu/libnss_compat-2.19.so
b6400000-b64fe000 rw-p 00000000 00:00 0 
b64fe000-b6500000 ---p 00000000 00:00 0 
b6500000-b6501000 r--s 00002000 08:02 881499     /usr/lib/jvm/java-7-openjdk-i386/jre/lib/ext/dnsns.jar
b6501000-b6504000 r--s 0000f000 08:02 881501     /usr/lib/jvm/java-7-openjdk-i386/jre/lib/ext/pulse-java.jar
b6504000-b650c000 r-xp 00000000 08:02 881543     /usr/lib/jvm/java-7-openjdk-i386/jre/lib/i386/libzip.so
b650c000-b650d000 r--p 00007000 08:02 881543     /usr/lib/jvm/java-7-openjdk-i386/jre/lib/i386/libzip.so
b650d000-b650e000 rw-p 00008000 08:02 881543     /usr/lib/jvm/java-7-openjdk-i386/jre/lib/i386/libzip.so
b650e000-b6516000 rw-s 00000000 08:02 1085343    /tmp/hsperfdata_user/6134
b6516000-b653d000 r-xp 00000000 08:02 881523     /usr/lib/jvm/java-7-openjdk-i386/jre/lib/i386/libjava.so
b653d000-b653e000 r--p 00026000 08:02 881523     /usr/lib/jvm/java-7-openjdk-i386/jre/lib/i386/libjava.so
b653e000-b653f000 rw-p 00027000 08:02 881523     /usr/lib/jvm/java-7-openjdk-i386/jre/lib/i386/libjava.so
b653f000-b6546000 r-xp 00000000 08:02 66396      /lib/i386-linux-gnu/librt-2.19.so
b6546000-b6547000 r--p 00006000 08:02 66396      /lib/i386-linux-gnu/librt-2.19.so
b6547000-b6548000 rw-p 00007000 08:02 66396      /lib/i386-linux-gnu/librt-2.19.so
b6548000-b654b000 ---p 00000000 00:00 0 
b654b000-b6599000 rw-p 00000000 00:00 0          [stack:6137]
b6599000-b65b5000 r-xp 00000000 08:02 66295      /lib/i386-linux-gnu/libgcc_s.so.1
b65b5000-b65b6000 rw-p 0001b000 08:02 66295      /lib/i386-linux-gnu/libgcc_s.so.1
b65b6000-b65fa000 r-xp 00000000 08:02 66318      /lib/i386-linux-gnu/libm-2.19.so
b65fa000-b65fb000 r--p 00043000 08:02 66318      /lib/i386-linux-gnu/libm-2.19.so
b65fb000-b65fc000 rw-p 00044000 08:02 66318      /lib/i386-linux-gnu/libm-2.19.so
b65fc000-b66d8000 r-xp 00000000 08:02 419352     /usr/lib/i386-linux-gnu/libstdc++.so.6.0.19
b66d8000-b66d9000 ---p 000dc000 08:02 419352     /usr/lib/i386-linux-gnu/libstdc++.so.6.0.19
b66d9000-b66dd000 r--p 000dc000 08:02 419352     /usr/lib/i386-linux-gnu/libstdc++.so.6.0.19
b66dd000-b66de000 rw-p 000e0000 08:02 419352     /usr/lib/i386-linux-gnu/libstdc++.so.6.0.19
b66de000-b66e5000 rw-p 00000000 00:00 0 
b66e5000-b70b1000 r-xp 00000000 08:02 881518     /usr/lib/jvm/java-7-openjdk-i386/jre/lib/i386/server/libjvm.so
b70b1000-b70b2000 ---p 009cc000 08:02 881518     /usr/lib/jvm/java-7-openjdk-i386/jre/lib/i386/server/libjvm.so
b70b2000-b7103000 r--p 009cc000 08:02 881518     /usr/lib/jvm/java-7-openjdk-i386/jre/lib/i386/server/libjvm.so
b7103000-b7117000 rw-p 00a1d000 08:02 881518     /usr/lib/jvm/java-7-openjdk-i386/jre/lib/i386/server/libjvm.so
b7117000-b7535000 rw-p 00000000 00:00 0 
b7535000-b754d000 r-xp 00000000 08:02 66431      /lib/i386-linux-gnu/libz.so.1.2.8
b754d000-b754e000 r--p 00017000 08:02 66431      /lib/i386-linux-gnu/libz.so.1.2.8
b754e000-b754f000 rw-p 00018000 08:02 66431      /lib/i386-linux-gnu/libz.so.1.2.8
b754f000-b7567000 r-xp 00000000 08:02 66388      /lib/i386-linux-gnu/libpthread-2.19.so
b7567000-b7568000 r--p 00017000 08:02 66388      /lib/i386-linux-gnu/libpthread-2.19.so
b7568000-b7569000 rw-p 00018000 08:02 66388      /lib/i386-linux-gnu/libpthread-2.19.so
b7569000-b756b000 rw-p 00000000 00:00 0 
b756b000-b756e000 r-xp 00000000 08:02 66285      /lib/i386-linux-gnu/libdl-2.19.so
b756e000-b756f000 r--p 00002000 08:02 66285      /lib/i386-linux-gnu/libdl-2.19.so
b756f000-b7570000 rw-p 00003000 08:02 66285      /lib/i386-linux-gnu/libdl-2.19.so
b7570000-b7719000 r-xp 00000000 08:02 66268      /lib/i386-linux-gnu/libc-2.19.so
b7719000-b771b000 r--p 001a9000 08:02 66268      /lib/i386-linux-gnu/libc-2.19.so
b771b000-b771c000 rw-p 001ab000 08:02 66268      /lib/i386-linux-gnu/libc-2.19.so
b771c000-b771f000 rw-p 00000000 00:00 0 
b771f000-b7721000 r--s 00012000 08:02 881504     /usr/lib/jvm/java-7-openjdk-i386/jre/lib/ext/zipfs.jar
b7721000-b7722000 r--p 00855000 08:02 420767     /usr/lib/locale/locale-archive
b7722000-b7723000 rw-p 00000000 00:00 0 
b7723000-b7724000 ---p 00000000 00:00 0 
b7724000-b7732000 r-xp 00000000 08:02 881534     /usr/lib/jvm/java-7-openjdk-i386/jre/lib/i386/libverify.so
b7732000-b7733000 r--p 0000d000 08:02 881534     /usr/lib/jvm/java-7-openjdk-i386/jre/lib/i386/libverify.so
b7733000-b7734000 rw-p 0000e000 08:02 881534     /usr/lib/jvm/java-7-openjdk-i386/jre/lib/i386/libverify.so
b7734000-b7740000 r-xp 00000000 08:02 881525     /usr/lib/jvm/java-7-openjdk-i386/jre/lib/i386/jli/libjli.so
b7740000-b7741000 r--p 0000c000 08:02 881525     /usr/lib/jvm/java-7-openjdk-i386/jre/lib/i386/jli/libjli.so
b7741000-b7742000 rw-p 0000d000 08:02 881525     /usr/lib/jvm/java-7-openjdk-i386/jre/lib/i386/jli/libjli.so
b7742000-b7745000 rw-p 00000000 00:00 0 
b7745000-b7746000 r-xp 00000000 00:00 0          [vdso]
b7746000-b7766000 r-xp 00000000 08:02 66244      /lib/i386-linux-gnu/ld-2.19.so
b7766000-b7767000 r--p 0001f000 08:02 66244      /lib/i386-linux-gnu/ld-2.19.so
b7767000-b7768000 rw-p 00020000 08:02 66244      /lib/i386-linux-gnu/ld-2.19.so
bfd20000-bfd42000 rw-p 00000000 00:00 0          [stack]

VM Arguments:
jvm_args: -Dfile.encoding=UTF-8 
java_command: org.eclipse.jdt.internal.junit.runner.RemoteTestRunner -version 3 -port 41431 -testLoaderClass org.eclipse.jdt.internal.junit4.runner.JUnit4TestLoader -loaderpluginname org.eclipse.jdt.junit4.runtime -classNames de.mft.TestHomePage
Launcher Type: SUN_STANDARD

Environment Variables:
PATH=/usr/local/sbin:/usr/local/bin:/usr/sbin:/usr/bin:/sbin:/bin:/usr/games:/usr/local/games
LD_LIBRARY_PATH=/usr/lib/jvm/java-7-openjdk-i386/jre/lib/i386/server:/usr/lib/jvm/java-7-openjdk-i386/jre/lib/i386:/usr/lib/jvm/java-7-openjdk-i386/jre/../lib/i386:/usr/lib/jvm/java-7-openjdk-i386/jre/lib/i386/client:/usr/lib/jvm/java-7-openjdk-i386/jre/lib/i386:
SHELL=/bin/bash
DISPLAY=:0

Signal Handlers:
SIGSEGV: [libjvm.so+0x7eebf0], sa_mask[0]=0x7ffbfeff, sa_flags=0x10000004
SIGBUS: [libjvm.so+0x7eebf0], sa_mask[0]=0x7ffbfeff, sa_flags=0x10000004
SIGFPE: [libjvm.so+0x66c6a0], sa_mask[0]=0x7ffbfeff, sa_flags=0x10000004
SIGPIPE: [libjvm.so+0x66c6a0], sa_mask[0]=0x7ffbfeff, sa_flags=0x10000004
SIGXFSZ: [libjvm.so+0x66c6a0], sa_mask[0]=0x7ffbfeff, sa_flags=0x10000004
SIGILL: [libjvm.so+0x66c6a0], sa_mask[0]=0x7ffbfeff, sa_flags=0x10000004
SIGUSR1: SIG_DFL, sa_mask[0]=0x00000000, sa_flags=0x00000000
SIGUSR2: [libjvm.so+0x66c530], sa_mask[0]=0x00000004, sa_flags=0x10000004
SIGHUP: [libjvm.so+0x66c760], sa_mask[0]=0x7ffbfeff, sa_flags=0x10000004
SIGINT: [libjvm.so+0x66c760], sa_mask[0]=0x7ffbfeff, sa_flags=0x10000004
SIGTERM: [libjvm.so+0x66c760], sa_mask[0]=0x7ffbfeff, sa_flags=0x10000004
SIGQUIT: [libjvm.so+0x66c760], sa_mask[0]=0x7ffbfeff, sa_flags=0x10000004


---------------  S Y S T E M  ---------------

OS:Ubuntu 14.04 (trusty)
uname:Linux 3.13.0-27-generic #50-Ubuntu SMP Thu May 15 18:08:16 UTC 2014 i686
libc:glibc 2.19 NPTL 2.19 
rlimit: STACK 8192k, CORE 0k, NPROC 15977, NOFILE 4096, AS infinity
load average:20.14 7.90 3.80

/proc/meminfo:
MemTotal:        2064256 kB
MemFree:          101836 kB
Buffers:             228 kB
Cached:            46420 kB
SwapCached:            0 kB
Active:          1839192 kB
Inactive:          37280 kB
Active(anon):    1837400 kB
Inactive(anon):    27932 kB
Active(file):       1792 kB
Inactive(file):     9348 kB
Unevictable:           0 kB
Mlocked:               0 kB
HighTotal:       1183688 kB
HighFree:           1004 kB
LowTotal:         880568 kB
LowFree:          100832 kB
SwapTotal:             0 kB
SwapFree:              0 kB
Dirty:                48 kB
Writeback:            24 kB
AnonPages:       1829880 kB
Mapped:            34688 kB
Shmem:             35452 kB
Slab:              27020 kB
SReclaimable:      11924 kB
SUnreclaim:        15096 kB
KernelStack:        4696 kB
PageTables:        13508 kB
NFS_Unstable:          0 kB
Bounce:                0 kB
WritebackTmp:          0 kB
CommitLimit:     1032128 kB
Committed_AS:    5191392 kB
VmallocTotal:     122880 kB
VmallocUsed:       37264 kB
VmallocChunk:      69508 kB
HardwareCorrupted:     0 kB
AnonHugePages:   1030144 kB
HugePages_Total:       0
HugePages_Free:        0
HugePages_Rsvd:        0
HugePages_Surp:        0
Hugepagesize:       2048 kB
DirectMap4k:       32760 kB
DirectMap2M:      880640 kB


CPU:total 2 (2 cores per cpu, 1 threads per core) family 6 model 42 stepping 7, cmov, cx8, fxsr, mmx, sse, sse2, sse3, ssse3, sse4.1, sse4.2, popcnt, tsc, tscinvbit

/proc/cpuinfo:
processor	: 0
vendor_id	: GenuineIntel
cpu family	: 6
model		: 42
model name	: Intel(R) Pentium(R) CPU 967 @ 1.30GHz
stepping	: 7
microcode	: 0x28
cpu MHz		: 1297.054
cache size	: 2048 KB
physical id	: 0
siblings	: 1
core id		: 0
cpu cores	: 1
apicid		: 0
initial apicid	: 0
fdiv_bug	: no
f00f_bug	: no
coma_bug	: no
fpu		: yes
fpu_exception	: yes
cpuid level	: 13
wp		: yes
flags		: fpu vme de pse tsc msr pae mce cx8 apic sep mtrr pge mca cmov pat pse36 clflush dts mmx fxsr sse sse2 ss nx rdtscp constant_tsc arch_perfmon pebs bts xtopology tsc_reliable nonstop_tsc aperfmperf pni pclmulqdq ssse3 sse4_1 sse4_2 popcnt arat epb pln pts dtherm
bogomips	: 2594.10
clflush size	: 64
cache_alignment	: 64
address sizes	: 36 bits physical, 48 bits virtual
power management:

processor	: 1
vendor_id	: GenuineIntel
cpu family	: 6
model		: 42
model name	: Intel(R) Pentium(R) CPU 967 @ 1.30GHz
stepping	: 7
microcode	: 0x28
cpu MHz		: 1297.054
cache size	: 2048 KB
physical id	: 2
siblings	: 1
core id		: 0
cpu cores	: 1
apicid		: 2
initial apicid	: 2
fdiv_bug	: no
f00f_bug	: no
coma_bug	: no
fpu		: yes
fpu_exception	: yes
cpuid level	: 13
wp		: yes
flags		: fpu vme de pse tsc msr pae mce cx8 apic sep mtrr pge mca cmov pat pse36 clflush dts mmx fxsr sse sse2 ss nx rdtscp constant_tsc arch_perfmon pebs bts xtopology tsc_reliable nonstop_tsc aperfmperf pni pclmulqdq ssse3 sse4_1 sse4_2 popcnt arat epb pln pts dtherm
bogomips	: 2594.10
clflush size	: 64
cache_alignment	: 64
address sizes	: 36 bits physical, 48 bits virtual
power management:



Memory: 4k page, physical 2064256k(101836k free), swap 0k(0k free)

vm_info: OpenJDK Server VM (24.51-b03) for linux-x86 JRE (1.7.0_55-b14), built on Apr 17 2014 20:10:15 by "buildd" with gcc 4.8.2

time: Sat Nov 22 00:12:04 2014
elapsed time: 112 seconds

